<?xml version="1.0" encoding="UTF-8"?>
<!-- Generated by org.testng.reporters.JUnitReportReporter -->
<testsuite hostname="shobanas-MacBook-Pro.local" failures="0" tests="1" name="com.inetBanking.testCases.TC_LoginTest_002" time="6.548" errors="0" timestamp="07 May 2024 00:28:50 GMT" skipped="0">
  <testcase classname="com.inetBanking.testCases.TC_LoginTest_002" name="loginTest" time="6.548"/>
</testsuite> <!-- com.inetBanking.testCases.TC_LoginTest_002 -->
