<?xml version="1.0" encoding="UTF-8"?>
<!-- Generated by org.testng.reporters.JUnitReportReporter -->
<testsuite hostname="shobanas-MacBook-Pro.local" failures="0" tests="1" name="com.inetBanking.testCases.TC_AddNewCustomer_001" time="11.315" errors="0" timestamp="26 Sep 2024 21:12:29 GMT" skipped="0">
  <testcase classname="com.inetBanking.testCases.TC_AddNewCustomer_001" name="addCustomer" time="11.315"/>
</testsuite> <!-- com.inetBanking.testCases.TC_AddNewCustomer_001 -->
